<?xml version="1.0" encoding="UTF-8"?>
<testng-results ignored="0" total="1" passed="1" failed="0" skipped="0">
  <reporter-output>
  </reporter-output>
  <suite started-at="2025-03-03T01:55:09 IST" name="Suite" finished-at="2025-03-03T01:55:16 IST" duration-ms="7372">
    <groups>
    </groups>
    <test started-at="2025-03-03T01:55:09 IST" name="Test" finished-at="2025-03-03T01:55:16 IST" duration-ms="7372">
      <class name="TestPackage.FirstTest">
        <test-method signature="test1()[pri:0, instance:TestPackage.FirstTest@38c5cc4c]" started-at="2025-03-03T01:55:09 IST" name="test1" finished-at="2025-03-03T01:55:16 IST" duration-ms="7357" status="PASS">
          <reporter-output>
          </reporter-output>
        </test-method> <!-- test1 -->
      </class> <!-- TestPackage.FirstTest -->
    </test> <!-- Test -->
  </suite> <!-- Suite -->
</testng-results>
